<?xml version="1.0" encoding="UTF-8"?>
<!-- Generated by org.testng.reporters.JUnitXMLReporter -->
<testsuite hostname="DESKTOP-7ARKDEF" failures="0" tests="6" name="Test" time="0.04" errors="0" timestamp="10 Jul 2020 15:46:07 GMT">
  <testcase classname="testing.Testing.RestAPITest" name="fifthTest" time="0.02"/>
  <testcase classname="testing.Testing.RestAPITest" name="sixthTest" time="0.0"/>
  <testcase classname="testing.Testing.AppiumTest" name="fourthTest" time="0.001"/>
  <testcase classname="testing.Testing.AppiumTest" name="thirdTest" time="0.0"/>
  <testcase classname="testing.Testing.SeleniumTest" name="firstTest" time="0.0"/>
  <testcase classname="testing.Testing.SeleniumTest" name="secondTest" time="0.0"/>
</testsuite> <!-- Test -->
