<?xml version="1.0" encoding="UTF-8"?>
<testng-results total="6" passed="6" failed="0" skipped="0">
  <reporter-output>
  </reporter-output>
  <suite started-at="2020-07-10T15:46:07Z" name="Suite" finished-at="2020-07-10T15:46:07Z" duration-ms="40">
    <groups>
    </groups>
    <test started-at="2020-07-10T15:46:07Z" name="Test" finished-at="2020-07-10T15:46:07Z" duration-ms="40">
      <class name="testing.Testing.SeleniumTest">
        <test-method signature="secondTest()[pri:0, instance:testing.Testing.SeleniumTest@5f20155b]" started-at="2020-07-10T11:46:07Z" name="secondTest" finished-at="2020-07-10T11:46:07Z" duration-ms="0" status="PASS">
          <reporter-output>
          </reporter-output>
        </test-method> <!-- secondTest -->
        <test-method signature="firstTest()[pri:0, instance:testing.Testing.SeleniumTest@5f20155b]" started-at="2020-07-10T11:46:07Z" name="firstTest" finished-at="2020-07-10T11:46:07Z" duration-ms="0" status="PASS">
          <reporter-output>
          </reporter-output>
        </test-method> <!-- firstTest -->
      </class> <!-- testing.Testing.SeleniumTest -->
      <class name="testing.Testing.AppiumTest">
        <test-method signature="fourthTest()[pri:0, instance:testing.Testing.AppiumTest@72ade7e3]" started-at="2020-07-10T11:46:07Z" name="fourthTest" finished-at="2020-07-10T11:46:07Z" duration-ms="1" status="PASS">
          <reporter-output>
          </reporter-output>
        </test-method> <!-- fourthTest -->
        <test-method signature="thirdTest()[pri:0, instance:testing.Testing.AppiumTest@72ade7e3]" started-at="2020-07-10T11:46:07Z" name="thirdTest" finished-at="2020-07-10T11:46:07Z" duration-ms="0" status="PASS">
          <reporter-output>
          </reporter-output>
        </test-method> <!-- thirdTest -->
      </class> <!-- testing.Testing.AppiumTest -->
      <class name="testing.Testing.RestAPITest">
        <test-method signature="fifthTest()[pri:0, instance:testing.Testing.RestAPITest@6f3187b0]" started-at="2020-07-10T11:46:07Z" name="fifthTest" finished-at="2020-07-10T11:46:07Z" duration-ms="20" status="PASS">
          <reporter-output>
          </reporter-output>
        </test-method> <!-- fifthTest -->
        <test-method signature="sixthTest()[pri:0, instance:testing.Testing.RestAPITest@6f3187b0]" started-at="2020-07-10T11:46:07Z" name="sixthTest" finished-at="2020-07-10T11:46:07Z" duration-ms="0" status="PASS">
          <reporter-output>
          </reporter-output>
        </test-method> <!-- sixthTest -->
      </class> <!-- testing.Testing.RestAPITest -->
    </test> <!-- Test -->
  </suite> <!-- Suite -->
</testng-results>
